2021-04-29 01:29:39 TRACE CassandraUtil:17 - Establishing connection with Cassandra
2021-04-29 01:29:40 TRACE DriverTRMS:23 - Starting Retail Tracker app access...
2021-04-29 01:29:48 TRACE EmployeeCql:58 - Retrieving all employees from database...
2021-04-29 01:29:48 TRACE EmployeeCql:75 - Returning employees as list.
2021-04-29 01:30:23 TRACE EmployeeCql:23 - Inserting new employee to database...
2021-04-29 01:30:23 TRACE EmployeeCql:35 - Generating employee ID for Christopher Morrison...
2021-04-29 01:30:23 TRACE EmployeeCql:52 - ID: ChrMorr000 generated.
2021-04-29 01:30:24 TRACE EmployeeCql:30 - Employee Christopher Morrisoninserted.
2021-04-29 01:30:30 TRACE EmployeeCql:58 - Retrieving all employees from database...
2021-04-29 01:30:30 TRACE EmployeeCql:75 - Returning employees as list.
2021-04-29 17:19:17 TRACE CassandraUtil:17 - Establishing connection with Cassandra
2021-04-29 17:20:55 TRACE CassandraUtil:17 - Establishing connection with Cassandra
2021-04-29 17:21:06 TRACE CassandraUtil:17 - Establishing connection with Cassandra
2021-04-29 17:21:36 TRACE CassandraUtil:17 - Establishing connection with Cassandra
2021-04-29 17:21:41 TRACE DriverTRMS:26 - Starting Retail Tracker app access...
2021-04-29 17:22:00 TRACE EmployeeCql:48 - Retrieving all employees from database...
2021-04-29 17:22:24 TRACE CassandraUtil:17 - Establishing connection with Cassandra
2021-04-29 17:22:29 TRACE DriverTRMS:26 - Starting Retail Tracker app access...
2021-04-29 17:23:05 TRACE EmployeeCql:25 - Inserting new employee to database...
2021-04-29 17:32:03 TRACE CassandraUtil:17 - Establishing connection with Cassandra
2021-04-29 17:32:08 TRACE DriverTRMS:26 - Starting Retail Tracker app access...
2021-04-29 17:32:15 TRACE EmployeeCql:26 - Inserting new employee to database...
2021-04-29 17:32:15 TRACE EmployeeCql:33 - Employee Christopher Morrisoninserted.
2021-04-29 17:32:33 TRACE EmployeeCql:49 - Retrieving all employees from database...
2021-04-29 17:32:33 TRACE EmployeeCql:66 - Returning employees as list.
2021-04-29 17:44:38 TRACE CassandraUtil:17 - Establishing connection with Cassandra
2021-04-29 17:44:43 TRACE DriverTRMS:26 - Starting Retail Tracker app access...
2021-04-29 17:44:50 TRACE EmployeeCql:26 - Inserting new employee to database...
2021-04-29 17:44:51 TRACE EmployeeCql:33 - Employee Christopher Morrisoninserted.
2021-04-29 17:44:55 TRACE EmployeeCql:49 - Retrieving all employees from database...
2021-04-29 17:44:55 TRACE EmployeeCql:66 - Returning employees as list.
2021-04-29 17:45:31 TRACE CassandraUtil:17 - Establishing connection with Cassandra
2021-04-29 17:46:03 TRACE CassandraUtil:17 - Establishing connection with Cassandra
2021-04-29 17:46:06 TRACE DriverTRMS:26 - Starting Retail Tracker app access...
2021-04-29 18:57:24 TRACE CassandraUtil:17 - Establishing connection with Cassandra
2021-04-29 19:00:04 TRACE CassandraUtil:17 - Establishing connection with Cassandra
2021-04-29 19:00:10 TRACE DriverTRMS:27 - Starting Retail Tracker app access...
2021-04-29 19:00:33 TRACE EmployeeController:35 - No user specified. Returning all users...
2021-04-29 19:00:33 TRACE EmployeeCql:49 - Retrieving all employees from database...
2021-04-29 19:00:33 TRACE EmployeeCql:66 - Returning employees as list.
2021-04-29 19:00:43 TRACE EmployeeController:20 - Adding employee...
2021-04-29 19:00:43 TRACE EmployeeCql:26 - Inserting new employee to database...
2021-04-29 19:00:43 TRACE EmployeeCql:33 - Employee Christopher Morrisoninserted.
2021-04-29 19:00:43 TRACE EmployeeController:30 - Employee addition successful!
2021-04-29 19:00:51 TRACE EmployeeController:35 - No user specified. Returning all users...
2021-04-29 19:00:51 TRACE EmployeeCql:49 - Retrieving all employees from database...
2021-04-29 19:00:51 TRACE EmployeeCql:66 - Returning employees as list.
2021-04-29 19:01:31 TRACE EmployeeController:40 - Retrieving user by UUID: null
2021-04-29 19:03:10 TRACE CassandraUtil:17 - Establishing connection with Cassandra
2021-04-29 19:03:15 TRACE DriverTRMS:27 - Starting Retail Tracker app access...
2021-04-29 19:03:30 TRACE EmployeeController:40 - Retrieving user by UUID: null
2021-04-29 19:04:57 TRACE CassandraUtil:17 - Establishing connection with Cassandra
2021-04-29 19:05:02 TRACE DriverTRMS:27 - Starting Retail Tracker app access...
2021-04-29 19:05:05 TRACE EmployeeController:40 - Retrieving user by UUID: 1b7ab1d0-a947-11eb-bac2-e58934658ec6
2021-04-29 19:05:05 TRACE EmployeeCql:72 - Retrieving employee by ID: 1b7ab1d0-a947-11eb-bac2-e58934658ec6
2021-04-29 19:05:05 TRACE EmployeeController:49 - User found!
2021-04-29 19:06:30 TRACE CassandraUtil:17 - Establishing connection with Cassandra
2021-04-29 19:06:36 TRACE DriverTRMS:27 - Starting Retail Tracker app access...
2021-04-29 19:06:45 TRACE EmployeeController:40 - Retrieving user by UUID: 1b7ab1d0-a947-11eb-bac2-e5893465
2021-04-29 19:06:45 TRACE EmployeeCql:72 - Retrieving employee by ID: 1b7ab1d0-a947-11eb-bac2-0000e5893465
2021-04-29 19:10:54 TRACE CassandraUtil:17 - Establishing connection with Cassandra
2021-04-29 19:10:59 TRACE CassandraUtil:17 - Establishing connection with Cassandra
2021-04-29 19:11:04 TRACE DriverTRMS:27 - Starting Retail Tracker app access...
2021-04-29 19:11:08 TRACE EmployeeController:40 - Retrieving user by UUID: 1b7ab1d0-a947-11eb-bac2-e5893465
2021-04-29 19:11:08 TRACE EmployeeCql:72 - Retrieving employee by ID: 1b7ab1d0-a947-11eb-bac2-0000e5893465
2021-04-29 19:11:08 ERROR EmployeeController:52 - Exception thrown, invalid employee ID
2021-04-29 19:11:25 TRACE CassandraUtil:17 - Establishing connection with Cassandra
2021-04-29 19:11:30 TRACE DriverTRMS:27 - Starting Retail Tracker app access...
2021-04-29 19:11:30 TRACE EmployeeController:40 - Retrieving user by UUID: 1b7ab1d0-a947-11eb-bac2-e5893465
2021-04-29 19:11:30 TRACE EmployeeCql:72 - Retrieving employee by ID: 1b7ab1d0-a947-11eb-bac2-0000e5893465
2021-04-29 19:11:30 ERROR EmployeeController:52 - Exception thrown, invalid employee ID
2021-04-29 19:11:54 TRACE CassandraUtil:17 - Establishing connection with Cassandra
2021-04-29 19:11:59 TRACE DriverTRMS:27 - Starting Retail Tracker app access...
2021-04-29 19:12:01 TRACE EmployeeController:35 - No user specified. Returning all users...
2021-04-29 19:12:01 TRACE EmployeeCql:49 - Retrieving all employees from database...
2021-04-29 19:12:02 TRACE EmployeeCql:66 - Returning employees as list.
2021-04-29 19:12:29 TRACE EmployeeController:40 - Retrieving user by UUID: null
2021-04-29 19:17:49 TRACE CassandraUtil:17 - Establishing connection with Cassandra
2021-04-29 19:17:54 TRACE DriverTRMS:27 - Starting Retail Tracker app access...
2021-04-29 19:17:57 TRACE EmployeeController:40 - Retrieving user by UUID: 1b7ab1d0-a947-11eb-bac2-e58934658ec6
2021-04-29 19:17:57 TRACE EmployeeCql:72 - Retrieving employee by ID: 1b7ab1d0-a947-11eb-bac2-e58934658ec6
2021-04-29 19:17:57 TRACE EmployeeController:50 - User found!
2021-04-29 19:18:08 TRACE EmployeeController:40 - Retrieving user by UUID: 1b7ab1d0-a947-11eb-bac2-e58934658ec
2021-04-29 19:18:08 TRACE EmployeeCql:72 - Retrieving employee by ID: 1b7ab1d0-a947-11eb-bac2-0e58934658ec
2021-04-29 19:18:08 ERROR EmployeeController:52 - Exception thrown, invalid employee ID
2021-04-29 19:18:18 TRACE EmployeeController:40 - Retrieving user by UUID: 1b7ab1d0
2021-04-29 19:18:31 TRACE EmployeeController:40 - Retrieving user by UUID: 1b7ab1d0-a947-11eb-bac2-e58
2021-04-29 19:18:31 TRACE EmployeeCql:72 - Retrieving employee by ID: 1b7ab1d0-a947-11eb-bac2-000000000e58
2021-04-29 19:18:31 ERROR EmployeeController:52 - Exception thrown, invalid employee ID
2021-04-29 19:18:43 TRACE EmployeeController:40 - Retrieving user by UUID: 1b7ab1d0-a947-11eb-bac2
2021-04-29 19:18:51 TRACE EmployeeController:40 - Retrieving user by UUID: 1b7ab1d0-a947-11eb-bac2-e58934658ec6
2021-04-29 19:18:51 TRACE EmployeeCql:72 - Retrieving employee by ID: 1b7ab1d0-a947-11eb-bac2-e58934658ec6
2021-04-29 19:18:51 TRACE EmployeeController:50 - User found!
2021-04-29 23:18:07 TRACE CassandraUtil:17 - Establishing connection with Cassandra
2021-04-29 23:18:12 TRACE DriverTRMS:27 - Starting Retail Tracker app access...
2021-04-29 23:19:48 TRACE CassandraUtil:17 - Establishing connection with Cassandra
2021-04-29 23:19:53 TRACE DriverTRMS:27 - Starting Retail Tracker app access...
2021-04-29 23:19:58 TRACE FormController:21 - Adding form...
2021-04-29 23:21:52 TRACE CassandraUtil:17 - Establishing connection with Cassandra
2021-04-29 23:21:57 TRACE DriverTRMS:27 - Starting Retail Tracker app access...
2021-04-29 23:22:00 TRACE FormController:21 - Adding form...
2021-04-29 23:22:40 TRACE CassandraUtil:17 - Establishing connection with Cassandra
2021-04-29 23:22:45 TRACE DriverTRMS:27 - Starting Retail Tracker app access...
2021-04-29 23:22:48 TRACE FormController:21 - Adding form...
2021-04-29 23:27:03 TRACE CassandraUtil:17 - Establishing connection with Cassandra
2021-04-29 23:27:08 TRACE DriverTRMS:27 - Starting Retail Tracker app access...
2021-04-29 23:27:11 TRACE FormController:21 - Adding form...
2021-04-29 23:27:11 TRACE FormCql:24 - Inserting new form into database...
2021-04-29 23:27:12 ERROR FormController:27 - Form addition failed...
2021-04-29 23:27:46 TRACE CassandraUtil:17 - Establishing connection with Cassandra
2021-04-29 23:27:51 TRACE DriverTRMS:27 - Starting Retail Tracker app access...
2021-04-29 23:27:53 TRACE FormController:21 - Adding form...
2021-04-29 23:27:53 TRACE FormCql:24 - Inserting new form into database...
2021-04-29 23:27:54 TRACE FormCql:33 - Employee 
2021-04-29 23:27:54 TRACE FormController:32 - Form addition successful!
2021-04-30 00:34:11 TRACE CassandraUtil:17 - Establishing connection with Cassandra
2021-04-30 00:34:16 TRACE DriverTRMS:27 - Starting Retail Tracker app access...
2021-04-30 00:34:21 TRACE FormController:26 - Adding form...
2021-04-30 00:35:29 TRACE CassandraUtil:17 - Establishing connection with Cassandra
2021-04-30 00:36:05 TRACE CassandraUtil:17 - Establishing connection with Cassandra
2021-04-30 00:36:10 TRACE DriverTRMS:27 - Starting Retail Tracker app access...
2021-04-30 00:36:16 TRACE FormController:26 - Adding form...
2021-04-30 00:37:10 TRACE CassandraUtil:17 - Establishing connection with Cassandra
2021-04-30 00:37:14 TRACE DriverTRMS:27 - Starting Retail Tracker app access...
2021-04-30 00:37:18 TRACE FormController:26 - Adding form...
2021-04-30 00:37:18 TRACE FormCql:24 - Inserting new form into database...
2021-04-30 00:37:18 TRACE FormCql:33 - Employee 
2021-04-30 00:37:18 TRACE FormController:41 - Form addition successful!
2021-04-30 00:37:26 TRACE FormController:26 - Adding form...
2021-04-30 00:37:39 TRACE FormController:26 - Adding form...
2021-04-30 00:39:33 TRACE CassandraUtil:17 - Establishing connection with Cassandra
2021-04-30 00:39:37 TRACE DriverTRMS:27 - Starting Retail Tracker app access...
2021-04-30 00:39:39 TRACE FormController:26 - Adding form...
2021-04-30 00:39:39 TRACE FormCql:24 - Inserting new form into database...
2021-04-30 00:39:40 TRACE FormCql:33 - Employee 
2021-04-30 00:39:40 TRACE FormController:41 - Form addition successful!
2021-04-30 01:09:26 TRACE CassandraUtil:17 - Establishing connection with Cassandra
2021-04-30 01:09:32 TRACE DriverTRMS:27 - Starting Retail Tracker app access...
2021-04-30 01:09:41 TRACE FormController:25 - Adding form...
2021-04-30 01:09:41 TRACE FormCql:29 - Inserting new form into database...
2021-04-30 01:09:41 ERROR FormController:35 - Form addition failed...
2021-04-30 01:10:03 TRACE CassandraUtil:17 - Establishing connection with Cassandra
2021-04-30 01:10:07 TRACE DriverTRMS:27 - Starting Retail Tracker app access...
2021-04-30 01:10:09 TRACE FormController:25 - Adding form...
2021-04-30 01:10:09 TRACE FormCql:29 - Inserting new form into database...
2021-04-30 01:10:09 ERROR FormController:35 - Form addition failed...
2021-04-30 01:16:16 TRACE CassandraUtil:17 - Establishing connection with Cassandra
2021-04-30 01:16:20 TRACE DriverTRMS:27 - Starting Retail Tracker app access...
2021-04-30 01:16:26 TRACE FormController:25 - Adding form...
2021-04-30 01:16:26 TRACE FormCql:29 - Inserting new form into database...
2021-04-30 01:16:26 ERROR FormController:35 - Form addition failed...
2021-04-30 01:17:22 TRACE CassandraUtil:17 - Establishing connection with Cassandra
2021-04-30 01:17:27 TRACE DriverTRMS:27 - Starting Retail Tracker app access...
2021-04-30 01:17:28 TRACE FormController:25 - Adding form...
2021-04-30 01:17:28 TRACE FormCql:29 - Inserting new form into database...
2021-04-30 01:17:29 ERROR FormController:35 - Form addition failed...
2021-04-30 01:18:06 TRACE CassandraUtil:17 - Establishing connection with Cassandra
2021-04-30 01:18:11 TRACE DriverTRMS:27 - Starting Retail Tracker app access...
2021-04-30 01:18:12 TRACE FormController:25 - Adding form...
2021-04-30 01:18:12 TRACE FormCql:29 - Inserting new form into database...
2021-04-30 01:18:13 ERROR FormController:35 - Form addition failed...
2021-04-30 01:23:30 TRACE CassandraUtil:17 - Establishing connection with Cassandra
2021-04-30 01:23:35 TRACE DriverTRMS:27 - Starting Retail Tracker app access...
2021-04-30 01:23:37 TRACE FormController:25 - Adding form...
2021-04-30 01:23:37 TRACE FormCql:30 - Inserting new form into database...
2021-04-30 01:23:38 ERROR FormController:35 - Form addition failed...
2021-04-30 01:24:46 TRACE CassandraUtil:17 - Establishing connection with Cassandra
2021-04-30 01:24:51 TRACE DriverTRMS:27 - Starting Retail Tracker app access...
2021-04-30 01:24:53 TRACE FormController:25 - Adding form...
2021-04-30 01:24:53 TRACE FormCql:27 - Inserting new form into database...
2021-04-30 01:24:53 ERROR FormController:35 - Form addition failed...
2021-04-30 01:27:08 TRACE CassandraUtil:17 - Establishing connection with Cassandra
2021-04-30 01:27:13 TRACE DriverTRMS:27 - Starting Retail Tracker app access...
2021-04-30 01:27:15 TRACE FormController:25 - Adding form...
2021-04-30 01:27:15 TRACE FormCql:27 - Inserting new form into database...
2021-04-30 01:27:15 ERROR FormController:35 - Form addition failed...
2021-04-30 01:27:47 TRACE CassandraUtil:17 - Establishing connection with Cassandra
2021-04-30 01:27:52 TRACE DriverTRMS:27 - Starting Retail Tracker app access...
2021-04-30 01:27:54 TRACE FormController:25 - Adding form...
2021-04-30 01:27:54 TRACE FormCql:27 - Inserting new form into database...
2021-04-30 01:27:54 ERROR FormController:35 - Form addition failed...
2021-04-30 01:32:58 TRACE CassandraUtil:17 - Establishing connection with Cassandra
2021-04-30 01:33:03 TRACE DriverTRMS:27 - Starting Retail Tracker app access...
2021-04-30 01:33:06 TRACE FormController:25 - Adding form...
2021-04-30 01:33:06 TRACE FormCql:29 - Inserting new form into database...
2021-04-30 01:33:06 ERROR FormController:35 - Form addition failed...
2021-04-30 01:34:44 TRACE CassandraUtil:17 - Establishing connection with Cassandra
2021-04-30 01:34:48 TRACE CassandraUtil:17 - Establishing connection with Cassandra
2021-04-30 01:34:53 TRACE DriverTRMS:27 - Starting Retail Tracker app access...
2021-04-30 01:35:03 TRACE FormController:25 - Adding form...
2021-04-30 01:35:03 TRACE FormCql:29 - Inserting new form into database...
2021-04-30 01:35:03 ERROR FormController:35 - Form addition failed...
2021-04-30 01:37:31 TRACE CassandraUtil:17 - Establishing connection with Cassandra
2021-04-30 01:37:36 TRACE DriverTRMS:27 - Starting Retail Tracker app access...
2021-04-30 01:37:41 TRACE FormController:25 - Adding form...
2021-04-30 01:37:41 TRACE FormCql:29 - Inserting new form into database...
2021-04-30 01:37:41 ERROR FormController:35 - Form addition failed...
2021-04-30 01:41:22 TRACE CassandraUtil:17 - Establishing connection with Cassandra
2021-04-30 01:41:27 TRACE DriverTRMS:27 - Starting Retail Tracker app access...
2021-04-30 01:41:31 TRACE FormController:25 - Adding form...
2021-04-30 01:41:31 TRACE FormCql:29 - Inserting new form into database...
2021-04-30 01:41:31 ERROR FormController:35 - Form addition failed...
2021-04-30 01:42:04 TRACE CassandraUtil:17 - Establishing connection with Cassandra
2021-04-30 01:42:09 TRACE DriverTRMS:27 - Starting Retail Tracker app access...
2021-04-30 01:42:12 TRACE FormController:25 - Adding form...
2021-04-30 01:42:12 TRACE FormCql:29 - Inserting new form into database...
2021-04-30 01:42:12 ERROR FormController:35 - Form addition failed...
2021-04-30 01:43:28 TRACE CassandraUtil:17 - Establishing connection with Cassandra
2021-04-30 01:44:23 TRACE CassandraUtil:17 - Establishing connection with Cassandra
2021-04-30 01:44:28 TRACE DriverTRMS:27 - Starting Retail Tracker app access...
2021-04-30 01:44:53 TRACE FormController:25 - Adding form...
2021-04-30 01:44:53 TRACE FormCql:29 - Inserting new form into database...
2021-04-30 01:44:54 ERROR FormController:35 - Form addition failed...
2021-04-30 01:45:34 TRACE CassandraUtil:17 - Establishing connection with Cassandra
2021-04-30 01:45:39 TRACE DriverTRMS:27 - Starting Retail Tracker app access...
2021-04-30 01:45:41 TRACE FormController:25 - Adding form...
2021-04-30 01:45:41 TRACE FormCql:29 - Inserting new form into database...
2021-04-30 01:45:41 TRACE FormCql:47 - Form added successfully!
2021-04-30 01:45:41 TRACE FormController:40 - Form addition successful!
2021-04-30 01:48:00 TRACE FormController:25 - Adding form...
2021-04-30 01:48:00 TRACE FormCql:29 - Inserting new form into database...
2021-04-30 01:48:00 TRACE FormCql:47 - Form added successfully!
2021-04-30 01:48:00 TRACE FormController:40 - Form addition successful!
2021-04-30 01:48:19 TRACE FormController:25 - Adding form...
2021-04-30 01:48:19 TRACE FormCql:29 - Inserting new form into database...
2021-04-30 01:48:19 TRACE FormCql:47 - Form added successfully!
2021-04-30 01:48:19 TRACE FormController:40 - Form addition successful!
2021-04-30 01:50:06 TRACE CassandraUtil:17 - Establishing connection with Cassandra
2021-04-30 01:50:11 TRACE DriverTRMS:27 - Starting Retail Tracker app access...
2021-04-30 01:50:13 TRACE FormController:25 - Adding form...
2021-04-30 01:50:13 TRACE FormCql:29 - Inserting new form into database...
2021-04-30 01:50:13 TRACE FormCql:47 - Form added successfully!
2021-04-30 01:50:13 TRACE FormController:40 - Form addition successful!
2021-04-30 02:38:31 TRACE CassandraUtil:17 - Establishing connection with Cassandra
2021-04-30 02:38:37 TRACE DriverTRMS:27 - Starting Retail Tracker app access...
2021-04-30 02:38:42 TRACE FormController:25 - Adding form...
2021-04-30 02:40:50 TRACE CassandraUtil:17 - Establishing connection with Cassandra
2021-04-30 02:40:55 TRACE DriverTRMS:27 - Starting Retail Tracker app access...
2021-04-30 02:42:51 TRACE CassandraUtil:17 - Establishing connection with Cassandra
2021-04-30 02:42:56 TRACE DriverTRMS:27 - Starting Retail Tracker app access...
2021-04-30 02:51:29 TRACE CassandraUtil:17 - Establishing connection with Cassandra
2021-04-30 02:51:35 TRACE DriverTRMS:27 - Starting Retail Tracker app access...
2021-04-30 02:52:41 TRACE CassandraUtil:17 - Establishing connection with Cassandra
2021-04-30 02:52:47 TRACE DriverTRMS:27 - Starting Retail Tracker app access...
2021-04-30 02:52:55 TRACE FormController:45 - No form specified. Returning all forms...
2021-04-30 02:52:55 TRACE FormCql:55 - Retrieving all forms...
2021-04-30 02:52:55 TRACE FormCql:56 - Retrieving all employees from database...
2021-04-30 02:55:36 TRACE CassandraUtil:17 - Establishing connection with Cassandra
2021-04-30 02:55:42 TRACE DriverTRMS:27 - Starting Retail Tracker app access...
2021-04-30 02:55:45 TRACE FormController:45 - No form specified. Returning all forms...
2021-04-30 02:55:45 TRACE FormCql:55 - Retrieving all forms...
2021-04-30 02:55:45 TRACE FormCql:56 - Retrieving all employees from database...
2021-04-30 02:56:35 TRACE CassandraUtil:17 - Establishing connection with Cassandra
2021-04-30 02:56:41 TRACE DriverTRMS:27 - Starting Retail Tracker app access...
2021-04-30 02:56:41 TRACE FormController:45 - No form specified. Returning all forms...
2021-04-30 02:56:41 TRACE FormCql:55 - Retrieving all forms...
2021-04-30 02:56:41 TRACE FormCql:56 - Retrieving all employees from database...
2021-04-30 02:56:41 TRACE FormCql:78 - Returning employees as list.
2021-04-30 02:58:57 TRACE CassandraUtil:17 - Establishing connection with Cassandra
2021-04-30 02:59:03 TRACE DriverTRMS:27 - Starting Retail Tracker app access...
2021-04-30 02:59:23 TRACE FormController:45 - No form specified. Returning all forms...
2021-04-30 02:59:23 TRACE FormCql:55 - Retrieving all forms...
2021-04-30 02:59:23 TRACE FormCql:56 - Retrieving all employees from database...
2021-04-30 03:01:32 TRACE CassandraUtil:17 - Establishing connection with Cassandra
2021-04-30 03:01:37 TRACE DriverTRMS:27 - Starting Retail Tracker app access...
2021-04-30 03:08:39 TRACE CassandraUtil:17 - Establishing connection with Cassandra
2021-04-30 03:08:45 TRACE DriverTRMS:27 - Starting Retail Tracker app access...
2021-04-30 03:08:48 TRACE FormController:45 - No form specified. Returning all forms...
2021-04-30 03:08:48 TRACE FormCql:55 - Retrieving all forms...
2021-04-30 03:08:48 TRACE FormCql:56 - Retrieving all employees from database...
2021-04-30 03:09:49 TRACE CassandraUtil:17 - Establishing connection with Cassandra
2021-04-30 03:09:54 TRACE DriverTRMS:27 - Starting Retail Tracker app access...
2021-04-30 03:10:02 TRACE FormController:45 - No form specified. Returning all forms...
2021-04-30 03:10:02 TRACE FormCql:55 - Retrieving all forms...
2021-04-30 03:10:02 TRACE FormCql:56 - Retrieving all employees from database...
2021-04-30 03:22:27 TRACE FormController:45 - No form specified. Returning all forms...
2021-04-30 03:22:27 TRACE FormCql:55 - Retrieving all forms...
2021-04-30 03:22:27 TRACE FormCql:56 - Retrieving all employees from database...
2021-04-30 03:33:30 TRACE CassandraUtil:17 - Establishing connection with Cassandra
2021-04-30 03:33:35 TRACE DriverTRMS:27 - Starting Retail Tracker app access...
2021-04-30 03:34:02 TRACE CassandraUtil:17 - Establishing connection with Cassandra
2021-04-30 03:34:07 TRACE DriverTRMS:27 - Starting Retail Tracker app access...
2021-04-30 03:35:33 TRACE CassandraUtil:17 - Establishing connection with Cassandra
2021-04-30 03:35:39 TRACE DriverTRMS:27 - Starting Retail Tracker app access...
2021-04-30 03:35:44 TRACE S3Util:34 - Uploading file as 1b7ab1d0-a947-11eb-bac2-e58934658ec
2021-04-30 03:35:45 TRACE S3Util:38 - Upload Complete
2021-04-30 03:38:25 TRACE CassandraUtil:17 - Establishing connection with Cassandra
2021-04-30 03:38:30 TRACE DriverTRMS:27 - Starting Retail Tracker app access...
2021-04-30 03:38:52 TRACE CassandraUtil:17 - Establishing connection with Cassandra
2021-04-30 03:38:57 TRACE DriverTRMS:27 - Starting Retail Tracker app access...
2021-04-30 03:39:11 TRACE S3Util:42 - Retrieving Data from S3: 1b7ab1d0-a947-11eb-bac2-e58934658ec
2021-04-30 03:46:07 TRACE EmployeeController:34 - No user specified. Returning all users...
2021-04-30 03:46:07 TRACE EmployeeCql:50 - Retrieving all employees from database...
2021-04-30 03:46:07 TRACE EmployeeCql:67 - Returning employees as list.
2021-04-30 03:46:15 TRACE EmployeeController:19 - Adding employee...
2021-04-30 03:46:15 TRACE EmployeeCql:26 - Inserting new employee to database...
2021-04-30 03:46:15 TRACE EmployeeCql:34 - Employee Richard Orrinserted.
2021-04-30 03:46:15 TRACE EmployeeController:29 - Employee addition successful!
2021-04-30 03:46:53 TRACE EmployeeController:19 - Adding employee...
2021-04-30 03:47:07 TRACE EmployeeController:19 - Adding employee...
2021-04-30 03:47:07 TRACE EmployeeCql:26 - Inserting new employee to database...
2021-04-30 03:47:07 TRACE EmployeeCql:34 - Employee Christopher Morrisoninserted.
2021-04-30 03:47:07 TRACE EmployeeController:29 - Employee addition successful!
2021-04-30 03:47:19 TRACE EmployeeController:34 - No user specified. Returning all users...
2021-04-30 03:47:19 TRACE EmployeeCql:50 - Retrieving all employees from database...
2021-04-30 03:47:19 TRACE EmployeeCql:67 - Returning employees as list.
2021-04-30 04:01:03 TRACE CassandraUtil:17 - Establishing connection with Cassandra
2021-04-30 04:01:08 TRACE DriverTRMS:27 - Starting Retail Tracker app access...
2021-04-30 04:01:40 TRACE EmployeeController:60 - Removing user by UUID: 1b7ab1d0-a947-11eb-bac2-e58934658ec6
2021-04-30 04:01:40 TRACE EmployeeCql:108 - Removing employee by ID: 1b7ab1d0-a947-11eb-bac2-e58934658ec6
2021-04-30 04:01:40 TRACE EmployeeCql:114 - Employee: 1b7ab1d0-a947-11eb-bac2-e58934658ec6 successfully deleted.
2021-04-30 04:01:40 TRACE EmployeeController:74 - Removing user by UUID: 1b7ab1d0-a947-11eb-bac2-e58934658ec6
2021-04-30 04:01:51 TRACE EmployeeController:34 - No user specified. Returning all users...
2021-04-30 04:01:51 TRACE EmployeeCql:50 - Retrieving all employees from database...
2021-04-30 04:01:51 TRACE EmployeeCql:67 - Returning employees as list.
2021-04-30 04:10:16 TRACE CassandraUtil:17 - Establishing connection with Cassandra
2021-04-30 04:10:21 TRACE DriverTRMS:27 - Starting Retail Tracker app access...
2021-04-30 04:10:40 TRACE FormController:47 - No form specified. Returning all forms...
2021-04-30 04:10:40 TRACE FormCql:55 - Retrieving all forms...
2021-04-30 04:10:40 TRACE FormCql:56 - Retrieving all employees from database...
2021-04-30 04:11:23 TRACE FormController:27 - Adding form...
2021-04-30 04:11:23 TRACE FormCql:33 - Inserting new form into database...
2021-04-30 04:11:23 TRACE FormCql:51 - Form added successfully!
2021-04-30 04:11:23 TRACE FormController:42 - Form addition successful!
2021-04-30 04:11:43 TRACE CassandraUtil:17 - Establishing connection with Cassandra
2021-04-30 04:11:49 TRACE DriverTRMS:27 - Starting Retail Tracker app access...
2021-04-30 04:13:27 TRACE CassandraUtil:17 - Establishing connection with Cassandra
2021-04-30 04:13:32 TRACE DriverTRMS:27 - Starting Retail Tracker app access...
2021-04-30 04:13:39 TRACE FormController:47 - No form specified. Returning all forms...
2021-04-30 04:13:39 TRACE FormCql:55 - Retrieving all forms...
2021-04-30 04:13:39 TRACE FormCql:56 - Retrieving all employees from database...
2021-04-30 04:19:07 TRACE CassandraUtil:17 - Establishing connection with Cassandra
2021-04-30 04:19:12 TRACE DriverTRMS:27 - Starting Retail Tracker app access...
2021-04-30 04:19:16 TRACE FormController:47 - No form specified. Returning all forms...
2021-04-30 04:19:16 TRACE FormCql:55 - Retrieving all forms...
2021-04-30 04:19:16 TRACE FormCql:56 - Retrieving all employees from database...
2021-04-30 04:22:41 TRACE CassandraUtil:17 - Establishing connection with Cassandra
2021-04-30 04:22:46 TRACE DriverTRMS:27 - Starting Retail Tracker app access...
2021-04-30 04:22:48 TRACE FormController:47 - No form specified. Returning all forms...
2021-04-30 04:22:48 TRACE FormCql:55 - Retrieving all forms...
2021-04-30 04:22:48 TRACE FormCql:56 - Retrieving all employees from database...
2021-04-30 04:22:49 TRACE FormCql:78 - Returning employees as list.
2021-04-30 04:24:09 TRACE CassandraUtil:17 - Establishing connection with Cassandra
2021-04-30 04:24:52 TRACE CassandraUtil:17 - Establishing connection with Cassandra
2021-04-30 04:24:57 TRACE DriverTRMS:27 - Starting Retail Tracker app access...
2021-04-30 04:25:05 TRACE CassandraUtil:17 - Establishing connection with Cassandra
2021-04-30 04:25:36 TRACE CassandraUtil:17 - Establishing connection with Cassandra
2021-04-30 04:25:41 TRACE DriverTRMS:27 - Starting Retail Tracker app access...
2021-04-30 04:25:45 TRACE FormController:27 - Adding form...
2021-04-30 04:25:45 TRACE FormCql:33 - Inserting new form into database...
2021-04-30 04:25:45 ERROR FormController:37 - Form addition failed...
2021-04-30 04:27:16 TRACE CassandraUtil:17 - Establishing connection with Cassandra
2021-04-30 04:27:21 TRACE DriverTRMS:27 - Starting Retail Tracker app access...
2021-04-30 04:27:39 TRACE FormController:27 - Adding form...
2021-04-30 04:27:39 TRACE FormCql:33 - Inserting new form into database...
2021-04-30 04:27:39 TRACE FormCql:51 - Form added successfully!
2021-04-30 04:27:39 TRACE FormController:42 - Form addition successful!
2021-04-30 04:27:45 TRACE FormController:47 - No form specified. Returning all forms...
2021-04-30 04:27:45 TRACE FormCql:55 - Retrieving all forms...
2021-04-30 04:27:45 TRACE FormCql:56 - Retrieving all employees from database...
2021-04-30 04:27:45 TRACE FormCql:78 - Returning employees as list.
2021-04-30 04:40:34 TRACE CassandraUtil:17 - Establishing connection with Cassandra
2021-04-30 04:40:39 TRACE DriverTRMS:27 - Starting Retail Tracker app access...
2021-04-30 04:40:43 TRACE FormController:46 - No form specified. Returning all forms...
2021-04-30 04:40:43 TRACE FormCql:54 - Retrieving all forms...
2021-04-30 04:40:43 TRACE FormCql:55 - Retrieving all employees from database...
2021-04-30 04:40:43 TRACE FormCql:77 - Returning employees as list.
2021-04-30 04:51:44 TRACE CassandraUtil:17 - Establishing connection with Cassandra
2021-04-30 04:51:50 TRACE DriverTRMS:27 - Starting Retail Tracker app access...
2021-04-30 04:51:50 TRACE FormController:26 - Adding form...
2021-04-30 04:51:50 TRACE FormCql:30 - Inserting new form into database...
2021-04-30 04:51:51 TRACE FormCql:50 - Form added successfully!
2021-04-30 04:51:51 TRACE FormController:41 - Form addition successful!
2021-04-30 05:19:27 TRACE CassandraUtil:17 - Establishing connection with Cassandra
2021-04-30 05:19:32 TRACE DriverTRMS:27 - Starting Retail Tracker app access...
2021-04-30 05:20:12 TRACE CassandraUtil:17 - Establishing connection with Cassandra
2021-04-30 05:20:17 TRACE DriverTRMS:27 - Starting Retail Tracker app access...
2021-04-30 05:20:20 TRACE EmployeeController:19 - Logging in as 1b7ab1d0-a947-11eb-bac2-e58934658ec6
2021-04-30 05:20:20 TRACE EmployeeCql:73 - Retrieving employee by ID: 1b7ab1d0-a947-11eb-bac2-e58934658ec6
2021-04-30 05:20:20 DEBUG EmployeeController:29 - User does not exist, please register first.
2021-04-30 05:20:27 WARN  EmployeeController:74 - You must be logged in to view employees
2021-04-30 05:20:48 TRACE EmployeeController:19 - Logging in as a5360de0-a990-11eb-abdb-53f10df02b8a
2021-04-30 05:20:48 TRACE EmployeeCql:73 - Retrieving employee by ID: a5360de0-a990-11eb-abdb-53f10df02b8a
2021-04-30 05:20:48 DEBUG EmployeeController:33 - Login Successful!
2021-04-30 05:20:48 TRACE EmployeeController:35 - Now logged in as ChristopherMorrison
2021-04-30 05:20:58 TRACE EmployeeController:19 - Logging in as a5360de0-a990-11eb-abdb-53f10df02b8a
2021-04-30 05:20:58 ERROR EmployeeController:22 - Login conflict, please logout of current user before logging in again.
2021-04-30 05:21:08 TRACE EmployeeController:78 - No user specified. Returning all users...
2021-04-30 05:21:08 TRACE EmployeeCql:50 - Retrieving all employees from database...
2021-04-30 05:21:08 TRACE EmployeeCql:67 - Returning employees as list.
2021-04-30 05:21:38 TRACE EmployeeController:19 - Logging in as 8612dce0-a990-11eb-abdb-53f10df02b8a
2021-04-30 05:21:38 ERROR EmployeeController:22 - Login conflict, please logout of current user before logging in again.
2021-04-30 05:34:13 TRACE CassandraUtil:17 - Establishing connection with Cassandra
2021-04-30 05:34:18 TRACE DriverTRMS:27 - Starting Retail Tracker app access...
2021-04-30 05:34:20 WARN  EmployeeController:73 - You must be logged in to view employees
2021-04-30 05:34:25 TRACE EmployeeController:19 - Logging in as a5360de0-a990-11eb-abdb-53f10df02b8a
2021-04-30 05:34:25 TRACE EmployeeCql:73 - Retrieving employee by ID: a5360de0-a990-11eb-abdb-53f10df02b8a
2021-04-30 05:34:26 DEBUG EmployeeController:33 - Login Successful!
2021-04-30 05:34:26 TRACE EmployeeController:35 - Now logged in as ChristopherMorrison
2021-04-30 05:34:29 TRACE EmployeeController:77 - No user specified. Returning all users...
2021-04-30 05:34:29 TRACE EmployeeCql:50 - Retrieving all employees from database...
2021-04-30 05:34:29 TRACE EmployeeCql:67 - Returning employees as list.
2021-04-30 05:34:45 TRACE EmployeeController:19 - Logging in as a5360de0-a990-11eb-abdb-53f10df02b8a
2021-04-30 05:34:45 ERROR EmployeeController:22 - Login conflict, please logout of current user before logging in again.
2021-04-30 05:36:16 TRACE CassandraUtil:17 - Establishing connection with Cassandra
2021-04-30 05:36:21 TRACE DriverTRMS:27 - Starting Retail Tracker app access...
2021-04-30 05:36:23 TRACE EmployeeController:19 - Logging in as a5360de0-a990-11eb-abdb-53f10df02b8a
2021-04-30 05:36:23 TRACE EmployeeCql:73 - Retrieving employee by ID: a5360de0-a990-11eb-abdb-53f10df02b8a
2021-04-30 05:36:23 DEBUG EmployeeController:33 - Login Successful!
2021-04-30 05:36:23 TRACE EmployeeController:35 - Now logged in as ChristopherMorrison
2021-04-30 05:36:30 TRACE EmployeeController:45 - Logging out, adios amigo!
2021-04-30 05:36:34 WARN  EmployeeController:73 - You must be logged in to view employees
2021-04-30 05:36:37 TRACE EmployeeController:19 - Logging in as a5360de0-a990-11eb-abdb-53f10df02b8a
2021-04-30 05:36:37 TRACE EmployeeCql:73 - Retrieving employee by ID: a5360de0-a990-11eb-abdb-53f10df02b8a
2021-04-30 05:36:37 DEBUG EmployeeController:33 - Login Successful!
2021-04-30 05:36:37 TRACE EmployeeController:35 - Now logged in as ChristopherMorrison
2021-04-30 05:37:48 TRACE EmployeeController:50 - Adding employee...
2021-04-30 05:37:48 WARN  EmployeeController:54 - I can't let you do that, Dave
2021-04-30 05:38:01 TRACE EmployeeController:45 - Logging out, adios amigo!
2021-04-30 05:38:03 TRACE EmployeeController:19 - Logging in as 8612dce0-a990-11eb-abdb-53f10df02b8a
2021-04-30 05:38:03 TRACE EmployeeCql:73 - Retrieving employee by ID: 8612dce0-a990-11eb-abdb-53f10df02b8a
2021-04-30 05:38:03 DEBUG EmployeeController:33 - Login Successful!
2021-04-30 05:38:03 TRACE EmployeeController:35 - Now logged in as RichardOrr
2021-04-30 05:38:05 TRACE EmployeeController:50 - Adding employee...
2021-04-30 05:38:05 WARN  EmployeeController:54 - I can't let you do that, Dave
2021-04-30 05:38:31 TRACE EmployeeController:50 - Adding employee...
2021-04-30 05:38:31 WARN  EmployeeController:54 - I can't let you do that, Dave
2021-04-30 05:38:44 TRACE EmployeeController:45 - Logging out, adios amigo!
2021-04-30 05:38:53 WARN  EmployeeController:73 - You must be logged in to view employees
2021-04-30 05:38:56 TRACE EmployeeController:19 - Logging in as a5360de0-a990-11eb-abdb-53f10df02b8a
2021-04-30 05:38:56 TRACE EmployeeCql:73 - Retrieving employee by ID: a5360de0-a990-11eb-abdb-53f10df02b8a
2021-04-30 05:38:56 DEBUG EmployeeController:33 - Login Successful!
2021-04-30 05:38:56 TRACE EmployeeController:35 - Now logged in as ChristopherMorrison
2021-04-30 05:38:58 TRACE EmployeeController:77 - No user specified. Returning all users...
2021-04-30 05:38:58 TRACE EmployeeCql:50 - Retrieving all employees from database...
2021-04-30 05:38:58 TRACE EmployeeCql:67 - Returning employees as list.
2021-04-30 05:40:47 TRACE CassandraUtil:17 - Establishing connection with Cassandra
2021-04-30 05:40:52 TRACE DriverTRMS:27 - Starting Retail Tracker app access...
2021-04-30 05:43:10 WARN  EmployeeController:73 - You must be logged in to view employees
2021-04-30 05:43:14 TRACE EmployeeController:19 - Logging in as a5360de0-a990-11eb-abdb-53f10df02b8a
2021-04-30 05:43:14 TRACE EmployeeCql:73 - Retrieving employee by ID: a5360de0-a990-11eb-abdb-53f10df02b8a
2021-04-30 05:43:14 DEBUG EmployeeController:33 - Login Successful!
2021-04-30 05:43:14 TRACE EmployeeController:35 - Now logged in as ChristopherMorrison
2021-04-30 05:43:16 TRACE EmployeeController:77 - No user specified. Returning all users...
2021-04-30 05:43:16 TRACE EmployeeCql:50 - Retrieving all employees from database...
2021-04-30 05:43:16 TRACE EmployeeCql:67 - Returning employees as list.
2021-04-30 05:43:30 TRACE EmployeeController:105 - Removing user by UUID: 8612dce0-a990-11eb-abdb-53f10df02b8a
2021-04-30 05:43:30 TRACE EmployeeCql:102 - Removing employee by ID: 8612dce0-a990-11eb-abdb-53f10df02b8a
2021-04-30 05:43:30 TRACE EmployeeCql:108 - Employee: 8612dce0-a990-11eb-abdb-53f10df02b8a successfully deleted.
2021-04-30 05:43:30 TRACE EmployeeController:124 - Removing user by UUID: 8612dce0-a990-11eb-abdb-53f10df02b8a
2021-04-30 05:43:34 TRACE EmployeeController:77 - No user specified. Returning all users...
2021-04-30 05:43:34 TRACE EmployeeCql:50 - Retrieving all employees from database...
2021-04-30 05:43:34 TRACE EmployeeCql:67 - Returning employees as list.
2021-04-30 05:44:06 TRACE EmployeeController:105 - Removing user by UUID: a5360de0-a990-11eb-abdb-53f10df02b8a
2021-04-30 05:44:06 TRACE EmployeeCql:102 - Removing employee by ID: a5360de0-a990-11eb-abdb-53f10df02b8a
2021-04-30 05:44:06 TRACE EmployeeCql:108 - Employee: a5360de0-a990-11eb-abdb-53f10df02b8a successfully deleted.
2021-04-30 05:44:06 TRACE EmployeeController:124 - Removing user by UUID: a5360de0-a990-11eb-abdb-53f10df02b8a
2021-04-30 05:44:13 TRACE EmployeeController:77 - No user specified. Returning all users...
2021-04-30 05:44:13 TRACE EmployeeCql:50 - Retrieving all employees from database...
2021-04-30 05:44:13 TRACE EmployeeCql:67 - Returning employees as list.
2021-04-30 05:44:34 TRACE EmployeeController:50 - Adding employee...
2021-04-30 05:44:34 WARN  EmployeeController:54 - I can't let you do that, Dave
2021-04-30 05:45:16 TRACE CassandraUtil:17 - Establishing connection with Cassandra
2021-04-30 05:45:22 TRACE DriverTRMS:27 - Starting Retail Tracker app access...
2021-04-30 05:45:52 TRACE EmployeeController:50 - Adding employee...
2021-04-30 05:45:52 TRACE EmployeeCql:26 - Inserting new employee to database...
2021-04-30 05:45:52 TRACE EmployeeCql:34 - Employee Richard Orrinserted.
2021-04-30 05:45:52 TRACE EmployeeController:65 - Employee addition successful!
2021-04-30 05:46:06 WARN  EmployeeController:72 - You must be logged in to view employees
2021-04-30 05:46:08 TRACE EmployeeController:19 - Logging in as 8612dce0-a990-11eb-abdb-53f10df02b8a
2021-04-30 05:46:08 TRACE EmployeeCql:73 - Retrieving employee by ID: 8612dce0-a990-11eb-abdb-53f10df02b8a
2021-04-30 05:46:08 DEBUG EmployeeController:29 - User does not exist, please register first.
2021-04-30 05:46:24 TRACE EmployeeController:19 - Logging in as 3c2182b0-a9a1-11eb-9d66-4d48f79fbdd4
2021-04-30 05:46:24 TRACE EmployeeCql:73 - Retrieving employee by ID: 3c2182b0-a9a1-11eb-9d66-4d48f79fbdd4
2021-04-30 05:46:24 DEBUG EmployeeController:33 - Login Successful!
2021-04-30 05:46:24 TRACE EmployeeController:35 - Now logged in as RichardOrr
2021-04-30 05:46:57 TRACE EmployeeController:50 - Adding employee...
2021-04-30 05:46:57 TRACE EmployeeCql:26 - Inserting new employee to database...
2021-04-30 05:46:57 TRACE EmployeeCql:34 - Employee Christopher Morrisoninserted.
2021-04-30 05:46:57 TRACE EmployeeController:65 - Employee addition successful!
2021-04-30 05:47:05 TRACE EmployeeController:45 - Logging out, adios amigo!
2021-04-30 05:47:20 TRACE FormController:49 - No form specified. Returning all forms...
2021-04-30 05:47:20 TRACE FormCql:54 - Retrieving all forms...
2021-04-30 05:47:20 TRACE FormCql:55 - Retrieving all employees from database...
2021-04-30 05:47:20 TRACE FormCql:77 - Returning employees as list.
2021-04-30 05:57:58 DEBUG EmployeeController:41 - No one is currently logged in, I can't be anymore logged outed.
2021-04-30 05:58:14 TRACE EmployeeController:19 - Logging in as 3c2182b0-a9a1-11eb-9d66-4d48f79fbdd4
2021-04-30 05:58:14 TRACE EmployeeCql:73 - Retrieving employee by ID: 3c2182b0-a9a1-11eb-9d66-4d48f79fbdd4
2021-04-30 05:58:14 DEBUG EmployeeController:33 - Login Successful!
2021-04-30 05:58:14 TRACE EmployeeController:35 - Now logged in as RichardOrr
2021-04-30 05:58:18 TRACE EmployeeController:76 - No user specified. Returning all users...
2021-04-30 05:58:18 TRACE EmployeeCql:50 - Retrieving all employees from database...
2021-04-30 05:58:18 TRACE EmployeeCql:67 - Returning employees as list.
2021-04-30 05:59:16 TRACE EmployeeController:50 - Adding employee...
2021-04-30 05:59:16 TRACE EmployeeCql:26 - Inserting new employee to database...
2021-04-30 05:59:16 TRACE EmployeeCql:34 - Employee Stephanie Tallmaninserted.
2021-04-30 05:59:16 TRACE EmployeeController:65 - Employee addition successful!
2021-04-30 05:59:29 TRACE EmployeeController:50 - Adding employee...
2021-04-30 05:59:29 TRACE EmployeeCql:26 - Inserting new employee to database...
2021-04-30 05:59:29 TRACE EmployeeCql:34 - Employee Ben Jammininserted.
2021-04-30 05:59:29 TRACE EmployeeController:65 - Employee addition successful!
2021-04-30 05:59:36 TRACE EmployeeController:45 - Logging out, adios amigo!
2021-04-30 06:00:12 TRACE EmployeeController:19 - Logging in as a5360de0-a990-11eb-abdb-53f10df02b8a
2021-04-30 06:00:12 TRACE EmployeeCql:73 - Retrieving employee by ID: a5360de0-a990-11eb-abdb-53f10df02b8a
2021-04-30 06:00:12 DEBUG EmployeeController:29 - User does not exist, please register first.
2021-04-30 06:00:17 TRACE EmployeeController:19 - Logging in as 3c2182b0-a9a1-11eb-9d66-4d48f79fbdd4
2021-04-30 06:00:17 TRACE EmployeeCql:73 - Retrieving employee by ID: 3c2182b0-a9a1-11eb-9d66-4d48f79fbdd4
2021-04-30 06:00:17 DEBUG EmployeeController:33 - Login Successful!
2021-04-30 06:00:17 TRACE EmployeeController:35 - Now logged in as RichardOrr
2021-04-30 06:00:20 TRACE EmployeeController:76 - No user specified. Returning all users...
2021-04-30 06:00:20 TRACE EmployeeCql:50 - Retrieving all employees from database...
2021-04-30 06:00:20 TRACE EmployeeCql:67 - Returning employees as list.
2021-04-30 06:01:29 TRACE EmployeeController:45 - Logging out, adios amigo!
2021-04-30 06:01:31 TRACE EmployeeController:19 - Logging in as 22e5eff0-a9a3-11eb-9d66-4d48f79fbdd4
2021-04-30 06:01:31 TRACE EmployeeCql:73 - Retrieving employee by ID: 22e5eff0-a9a3-11eb-9d66-4d48f79fbdd4
2021-04-30 06:01:31 DEBUG EmployeeController:33 - Login Successful!
2021-04-30 06:01:31 TRACE EmployeeController:35 - Now logged in as BenJammin
2021-04-30 06:01:36 TRACE EmployeeController:45 - Logging out, adios amigo!
2021-04-30 06:01:38 TRACE EmployeeController:19 - Logging in as 1af57770-a9a3-11eb-9d66-4d48f79fbdd4
2021-04-30 06:01:38 TRACE EmployeeCql:73 - Retrieving employee by ID: 1af57770-a9a3-11eb-9d66-4d48f79fbdd4
2021-04-30 06:01:38 DEBUG EmployeeController:33 - Login Successful!
2021-04-30 06:01:38 TRACE EmployeeController:35 - Now logged in as StephanieTallman
2021-04-30 06:01:41 TRACE EmployeeController:45 - Logging out, adios amigo!
2021-04-30 06:01:43 TRACE EmployeeController:19 - Logging in as 3c2182b0-a9a1-11eb-9d66-4d48f79fbdd4
2021-04-30 06:01:43 TRACE EmployeeCql:73 - Retrieving employee by ID: 3c2182b0-a9a1-11eb-9d66-4d48f79fbdd4
2021-04-30 06:01:43 DEBUG EmployeeController:33 - Login Successful!
2021-04-30 06:01:43 TRACE EmployeeController:35 - Now logged in as RichardOrr
2021-04-30 06:01:46 TRACE EmployeeController:45 - Logging out, adios amigo!
2021-04-30 06:01:48 TRACE EmployeeController:19 - Logging in as 62c8fce0-a9a1-11eb-9d66-4d48f79fbdd4
2021-04-30 06:01:48 TRACE EmployeeCql:73 - Retrieving employee by ID: 62c8fce0-a9a1-11eb-9d66-4d48f79fbdd4
2021-04-30 06:01:48 DEBUG EmployeeController:33 - Login Successful!
2021-04-30 06:01:48 TRACE EmployeeController:35 - Now logged in as ChristopherMorrison
2021-04-30 06:01:51 TRACE EmployeeController:45 - Logging out, adios amigo!
2021-04-30 07:33:56 TRACE CassandraUtil:17 - Establishing connection with Cassandra
2021-04-30 07:34:01 TRACE DriverTRMS:27 - Starting Retail Tracker app access...
2021-04-30 07:34:03 TRACE EmployeeController:19 - Logging in as a5360de0-a990-11eb-abdb-53f10df02b8a
2021-04-30 07:34:03 TRACE EmployeeCql:73 - Retrieving employee by ID: a5360de0-a990-11eb-abdb-53f10df02b8a
2021-04-30 07:34:03 DEBUG EmployeeController:29 - User does not exist, please register first.
2021-04-30 07:34:12 WARN  EmployeeController:74 - You must be logged in to view employees
2021-04-30 07:34:23 TRACE EmployeeController:19 - Logging in as 1b7ab1d0-a947-11eb-bac2-e58934658ec6
2021-04-30 07:34:23 TRACE EmployeeCql:73 - Retrieving employee by ID: 1b7ab1d0-a947-11eb-bac2-e58934658ec6
2021-04-30 07:34:23 DEBUG EmployeeController:29 - User does not exist, please register first.
2021-04-30 07:34:32 TRACE EmployeeController:19 - Logging in as 1b7ab1d0-a947-11eb-bac2-e58934658ec6
2021-04-30 07:34:32 TRACE EmployeeCql:73 - Retrieving employee by ID: 1b7ab1d0-a947-11eb-bac2-e58934658ec6
2021-04-30 07:34:32 DEBUG EmployeeController:29 - User does not exist, please register first.
2021-04-30 07:35:13 TRACE EmployeeController:50 - Adding employee...
2021-04-30 07:35:36 TRACE EmployeeController:50 - Adding employee...
2021-04-30 07:35:54 TRACE EmployeeController:50 - Adding employee...
2021-04-30 07:38:09 TRACE EmployeeController:19 - Logging in as 1b7ab1d0-a947-11eb-bac2-e58934658ec6
2021-04-30 07:38:09 TRACE EmployeeCql:73 - Retrieving employee by ID: 1b7ab1d0-a947-11eb-bac2-e58934658ec6
2021-04-30 07:38:09 DEBUG EmployeeController:29 - User does not exist, please register first.
2021-04-30 07:39:10 TRACE EmployeeController:19 - Logging in as 1b7ab1d0-a947-11eb-bac2-e58934658ec6
2021-04-30 07:39:10 TRACE EmployeeCql:73 - Retrieving employee by ID: 1b7ab1d0-a947-11eb-bac2-e58934658ec6
2021-04-30 07:39:10 DEBUG EmployeeController:29 - User does not exist, please register first.
2021-04-30 07:39:14 TRACE EmployeeController:19 - Logging in as a5360de0-a990-11eb-abdb-53f10df02b8a
2021-04-30 07:39:14 TRACE EmployeeCql:73 - Retrieving employee by ID: a5360de0-a990-11eb-abdb-53f10df02b8a
2021-04-30 07:39:14 DEBUG EmployeeController:29 - User does not exist, please register first.
2021-04-30 07:39:43 TRACE CassandraUtil:17 - Establishing connection with Cassandra
2021-04-30 07:39:48 TRACE DriverTRMS:27 - Starting Retail Tracker app access...
2021-04-30 07:39:52 TRACE EmployeeController:19 - Logging in as a5360de0-a990-11eb-abdb-53f10df02b8a
2021-04-30 07:39:52 TRACE EmployeeCql:73 - Retrieving employee by ID: a5360de0-a990-11eb-abdb-53f10df02b8a
2021-04-30 07:39:52 DEBUG EmployeeController:29 - User does not exist, please register first.
2021-04-30 07:41:11 TRACE CassandraUtil:17 - Establishing connection with Cassandra
2021-04-30 07:41:16 TRACE DriverTRMS:27 - Starting Retail Tracker app access...
2021-04-30 07:41:21 TRACE EmployeeController:19 - Logging in as a5360de0-a990-11eb-abdb-53f10df02b8a
2021-04-30 07:41:21 TRACE EmployeeCql:73 - Retrieving employee by ID: a5360de0-a990-11eb-abdb-53f10df02b8a
2021-04-30 07:41:21 DEBUG EmployeeController:30 - User does not exist, please register first.
2021-04-30 07:43:59 TRACE EmployeeController:19 - Logging in as 8612dce0-a990-11eb-abdb-53f10df02b8a
2021-04-30 07:43:59 TRACE EmployeeCql:73 - Retrieving employee by ID: 8612dce0-a990-11eb-abdb-53f10df02b8a
2021-04-30 07:43:59 DEBUG EmployeeController:30 - User does not exist, please register first.
2021-04-30 07:44:09 TRACE EmployeeController:19 - Logging in as 8612dce0-a990-11eb-abdb-53f10df02b8a
2021-04-30 07:44:09 TRACE EmployeeCql:73 - Retrieving employee by ID: 8612dce0-a990-11eb-abdb-53f10df02b8a
2021-04-30 07:44:09 DEBUG EmployeeController:30 - User does not exist, please register first.
2021-04-30 07:45:30 TRACE CassandraUtil:17 - Establishing connection with Cassandra
2021-04-30 07:45:35 TRACE DriverTRMS:27 - Starting Retail Tracker app access...
2021-04-30 07:45:44 TRACE EmployeeController:19 - Logging in as 8612dce0-a990-11eb-abdb-53f10df02b8a
2021-04-30 07:45:44 TRACE EmployeeCql:73 - Retrieving employee by ID: 8612dce0-a990-11eb-abdb-53f10df02b8a
2021-04-30 07:45:45 DEBUG EmployeeController:30 - User does not exist, please register first.
2021-04-30 07:45:47 TRACE EmployeeController:19 - Logging in as 8612dce0-a990-11eb-abdb-53f10df02b8a
2021-04-30 07:45:47 TRACE EmployeeCql:73 - Retrieving employee by ID: 8612dce0-a990-11eb-abdb-53f10df02b8a
2021-04-30 07:45:47 DEBUG EmployeeController:30 - User does not exist, please register first.
2021-04-30 07:47:18 WARN  EmployeeController:76 - You must be logged in to view employees
2021-04-30 07:47:31 TRACE CassandraUtil:17 - Establishing connection with Cassandra
2021-04-30 07:47:37 TRACE DriverTRMS:27 - Starting Retail Tracker app access...
2021-04-30 07:47:38 TRACE EmployeeController:80 - No user specified. Returning all users...
2021-04-30 07:47:38 TRACE EmployeeCql:50 - Retrieving all employees from database...
2021-04-30 07:47:38 TRACE EmployeeCql:67 - Returning employees as list.
2021-04-30 07:49:12 TRACE EmployeeController:19 - Logging in as 62c8fce0-a9a1-11eb-9d66-4d48f79fbdd4
2021-04-30 07:49:12 TRACE EmployeeCql:73 - Retrieving employee by ID: 62c8fce0-a9a1-11eb-9d66-4d48f79fbdd4
2021-04-30 07:49:12 DEBUG EmployeeController:35 - Login Successful!
2021-04-30 07:49:12 TRACE EmployeeController:37 - Now logged in as ChristopherMorrison
2021-04-30 07:49:28 TRACE EmployeeController:19 - Logging in as 3c2182b0-a9a1-11eb-9d66-4d48f79fbdd4
2021-04-30 07:49:28 ERROR EmployeeController:22 - Login conflict, please logout of current user before logging in again.
2021-04-30 07:49:32 TRACE EmployeeController:47 - Logging out, adios amigo!
2021-04-30 07:50:20 TRACE EmployeeController:52 - Adding employee...
2021-04-30 07:50:33 TRACE CassandraUtil:17 - Establishing connection with Cassandra
2021-04-30 07:50:39 TRACE DriverTRMS:27 - Starting Retail Tracker app access...
2021-04-30 07:51:34 TRACE EmployeeController:52 - Adding employee...
2021-04-30 07:51:50 TRACE EmployeeController:19 - Logging in as 22e5eff0-a9a3-11eb-9d66-4d48f79fbdd4
2021-04-30 07:51:50 TRACE EmployeeCql:73 - Retrieving employee by ID: 22e5eff0-a9a3-11eb-9d66-4d48f79fbdd4
2021-04-30 07:51:50 DEBUG EmployeeController:35 - Login Successful!
2021-04-30 07:51:50 TRACE EmployeeController:37 - Now logged in as BenJammin
2021-04-30 07:52:06 TRACE EmployeeController:52 - Adding employee...
2021-04-30 07:52:06 TRACE EmployeeCql:26 - Inserting new employee to database...
2021-04-30 07:52:07 TRACE EmployeeCql:34 - Employee Bobby Tablesinserted.
2021-04-30 07:52:07 TRACE EmployeeController:69 - Employee addition successful!
2021-04-30 07:52:32 TRACE EmployeeController:114 - Removing user by UUID: deb5a090-a9b2-11eb-ab7f-adefdd3014cd
2021-04-30 07:52:32 WARN  EmployeeController:117 - I can't let you do that, Dave
2021-04-30 07:52:46 TRACE EmployeeController:47 - Logging out, adios amigo!
2021-04-30 07:52:52 TRACE EmployeeController:19 - Logging in as 3c2182b0-a9a1-11eb-9d66-4d48f79fbdd4
2021-04-30 07:52:52 TRACE EmployeeCql:73 - Retrieving employee by ID: 3c2182b0-a9a1-11eb-9d66-4d48f79fbdd4
2021-04-30 07:52:52 DEBUG EmployeeController:35 - Login Successful!
2021-04-30 07:52:52 TRACE EmployeeController:37 - Now logged in as RichardOrr
2021-04-30 07:52:57 TRACE EmployeeController:114 - Removing user by UUID: deb5a090-a9b2-11eb-ab7f-adefdd3014cd
2021-04-30 07:52:57 TRACE EmployeeCql:102 - Removing employee by ID: deb5a090-a9b2-11eb-ab7f-adefdd3014cd
2021-04-30 07:52:57 TRACE EmployeeCql:108 - Employee: deb5a090-a9b2-11eb-ab7f-adefdd3014cd successfully deleted.
2021-04-30 07:52:57 TRACE EmployeeController:135 - Removing user by UUID: deb5a090-a9b2-11eb-ab7f-adefdd3014cd
2021-04-30 07:53:05 TRACE EmployeeController:80 - No user specified. Returning all users...
2021-04-30 07:53:05 TRACE EmployeeCql:50 - Retrieving all employees from database...
2021-04-30 07:53:05 TRACE EmployeeCql:67 - Returning employees as list.
2021-04-30 07:56:17 TRACE CassandraUtil:17 - Establishing connection with Cassandra
2021-04-30 07:56:22 TRACE DriverTRMS:27 - Starting Retail Tracker app access...
2021-04-30 07:57:32 TRACE CassandraUtil:17 - Establishing connection with Cassandra
2021-04-30 07:57:37 TRACE DriverTRMS:27 - Starting Retail Tracker app access...
2021-04-30 08:01:33 TRACE CassandraUtil:17 - Establishing connection with Cassandra
2021-04-30 08:01:38 TRACE DriverTRMS:27 - Starting Retail Tracker app access...
2021-04-30 08:02:06 TRACE FormController:54 - No form specified. Returning all forms...
2021-04-30 08:02:06 TRACE FormCql:57 - Retrieving all forms...
2021-04-30 08:02:06 TRACE FormCql:79 - Returning employees as list.
2021-04-30 08:04:02 TRACE CassandraUtil:17 - Establishing connection with Cassandra
2021-04-30 08:04:07 TRACE DriverTRMS:27 - Starting Retail Tracker app access...
2021-04-30 08:05:31 TRACE CassandraUtil:17 - Establishing connection with Cassandra
2021-04-30 08:05:36 TRACE DriverTRMS:27 - Starting Retail Tracker app access...
2021-04-30 08:05:46 TRACE S3Util:34 - Uploading file as proof
2021-04-30 08:05:46 TRACE S3Util:36 - Upload Complete
2021-04-30 08:05:51 TRACE S3Util:40 - Retrieving Data from S3: proof
2021-04-30 08:06:07 TRACE S3Util:34 - Uploading file as proof
2021-04-30 08:06:07 TRACE S3Util:36 - Upload Complete
2021-04-30 08:07:36 TRACE CassandraUtil:17 - Establishing connection with Cassandra
2021-04-30 08:07:41 TRACE DriverTRMS:27 - Starting Retail Tracker app access...
2021-04-30 08:07:58 TRACE EmployeeController:52 - Adding employee...
2021-04-30 08:08:15 TRACE EmployeeController:19 - Logging in as 62c8fce0-a9a1-11eb-9d66-4d48f79fbdd4
2021-04-30 08:08:15 TRACE EmployeeCql:73 - Retrieving employee by ID: 62c8fce0-a9a1-11eb-9d66-4d48f79fbdd4
2021-04-30 08:08:15 DEBUG EmployeeController:35 - Login Successful!
2021-04-30 08:08:15 TRACE EmployeeController:37 - Now logged in as ChristopherMorrison
2021-04-30 08:08:22 TRACE EmployeeController:52 - Adding employee...
2021-04-30 08:08:22 WARN  EmployeeController:56 - I can't let you do that, Dave
2021-04-30 08:08:27 TRACE EmployeeController:47 - Logging out, adios amigo!
2021-04-30 08:08:38 TRACE EmployeeController:19 - Logging in as 3c2182b0-a9a1-11eb-9d66-4d48f79fbdd4
2021-04-30 08:08:38 TRACE EmployeeCql:73 - Retrieving employee by ID: 3c2182b0-a9a1-11eb-9d66-4d48f79fbdd4
2021-04-30 08:08:38 DEBUG EmployeeController:35 - Login Successful!
2021-04-30 08:08:38 TRACE EmployeeController:37 - Now logged in as RichardOrr
2021-04-30 08:09:28 TRACE CassandraUtil:17 - Establishing connection with Cassandra
2021-04-30 08:09:33 TRACE DriverTRMS:27 - Starting Retail Tracker app access...
2021-04-30 08:09:39 TRACE EmployeeController:19 - Logging in as 3c2182b0-a9a1-11eb-9d66-4d48f79fbdd4
2021-04-30 08:09:39 TRACE EmployeeCql:73 - Retrieving employee by ID: 3c2182b0-a9a1-11eb-9d66-4d48f79fbdd4
2021-04-30 08:09:39 DEBUG EmployeeController:35 - Login Successful!
2021-04-30 08:09:39 TRACE EmployeeController:37 - Now logged in as RichardOrr
2021-04-30 08:09:45 TRACE EmployeeController:52 - Adding employee...
2021-04-30 08:09:45 TRACE EmployeeCql:26 - Inserting new employee to database...
2021-04-30 08:09:45 TRACE EmployeeCql:34 - Employee Bobby Tablesinserted.
2021-04-30 08:09:45 TRACE EmployeeController:69 - Employee addition successful!
2021-04-30 08:09:58 TRACE EmployeeController:80 - No user specified. Returning all users...
2021-04-30 08:09:58 TRACE EmployeeCql:50 - Retrieving all employees from database...
2021-04-30 08:09:58 TRACE EmployeeCql:67 - Returning employees as list.
2021-04-30 08:10:57 TRACE EmployeeController:92 - Retrieving user by UUID: 55757d70-a9b5-11eb-8288-7fa515e6c157
2021-04-30 08:10:57 TRACE EmployeeCql:73 - Retrieving employee by ID: 55757d70-a9b5-11eb-8288-7fa515e6c157
2021-04-30 08:10:57 TRACE EmployeeController:100 - User found!
2021-04-30 08:11:18 TRACE EmployeeController:114 - Removing user by UUID: 55757d70-a9b5-11eb-8288-7fa515e6c157
2021-04-30 08:11:18 TRACE EmployeeCql:102 - Removing employee by ID: 55757d70-a9b5-11eb-8288-7fa515e6c157
2021-04-30 08:11:18 TRACE EmployeeCql:108 - Employee: 55757d70-a9b5-11eb-8288-7fa515e6c157 successfully deleted.
2021-04-30 08:11:18 TRACE EmployeeController:135 - Removing user by UUID: 55757d70-a9b5-11eb-8288-7fa515e6c157
2021-04-30 08:12:54 TRACE FormController:33 - Adding new form for Richard Orr
2021-04-30 08:12:54 TRACE FormCql:32 - Inserting new form into database...
2021-04-30 08:12:54 TRACE FormCql:52 - Form added successfully!
2021-04-30 08:12:54 TRACE FormController:48 - Form addition successful!
2021-04-30 08:13:14 TRACE FormController:33 - Adding new form for Richard Orr
2021-04-30 08:13:14 TRACE FormCql:32 - Inserting new form into database...
2021-04-30 08:13:14 TRACE FormCql:52 - Form added successfully!
2021-04-30 08:13:14 TRACE FormController:48 - Form addition successful!
2021-04-30 08:14:01 TRACE S3Util:34 - Uploading file as proof
2021-04-30 08:14:01 TRACE S3Util:36 - Upload Complete
2021-04-30 08:14:10 TRACE S3Util:40 - Retrieving Data from S3: proof
2021-04-30 10:50:53 TRACE CassandraUtil:17 - Establishing connection with Cassandra
2021-04-30 10:50:59 TRACE DriverTRMS:27 - Starting Retail Tracker app access...
2021-04-30 10:53:18 TRACE CassandraUtil:17 - Establishing connection with Cassandra
2021-04-30 10:53:25 TRACE DriverTRMS:27 - Reticulating splines...
2021-04-30 11:04:14 TRACE CassandraUtil:17 - Establishing connection with Cassandra
2021-04-30 11:06:39 TRACE CassandraUtil:17 - Establishing connection with Cassandra
2021-04-30 11:06:45 TRACE DriverTRMS:27 - Reticulating splines...
2021-04-30 11:06:47 TRACE EmployeeController:19 - Logging in as 3c2182b0-a9a1-11eb-9d66-4d48f79fbdd4
2021-04-30 11:06:47 TRACE EmployeeCql:73 - Retrieving employee by ID: 3c2182b0-a9a1-11eb-9d66-4d48f79fbdd4
2021-04-30 11:06:47 DEBUG EmployeeController:35 - Login Successful!
2021-04-30 11:06:47 TRACE EmployeeController:37 - Now logged in as RichardOrr
2021-04-30 11:31:04 TRACE CassandraUtil:17 - Establishing connection with Cassandra
2021-04-30 11:31:10 TRACE DriverTRMS:27 - Reticulating splines...
2021-04-30 11:31:16 TRACE EmployeeController:19 - Logging in as 3c2182b0-a9a1-11eb-9d66-4d48f79fbdd4
2021-04-30 11:31:16 TRACE EmployeeCql:73 - Retrieving employee by ID: 3c2182b0-a9a1-11eb-9d66-4d48f79fbdd4
2021-04-30 11:31:16 DEBUG EmployeeController:35 - Login Successful!
2021-04-30 11:31:16 TRACE EmployeeController:37 - Now logged in as RichardOrr
2021-04-30 11:31:36 TRACE EmployeeController:80 - No user specified. Returning all users...
2021-04-30 11:31:36 TRACE EmployeeCql:50 - Retrieving all employees from database...
2021-04-30 11:31:36 TRACE EmployeeCql:67 - Returning employees as list.
2021-04-30 11:31:49 TRACE EmployeeController:52 - Adding employee...
2021-04-30 11:31:49 TRACE EmployeeCql:26 - Inserting new employee to database...
2021-04-30 11:31:50 TRACE EmployeeCql:34 - Employee Bobby Tablesinserted.
2021-04-30 11:31:50 TRACE EmployeeController:69 - Employee addition successful!
2021-04-30 11:31:53 TRACE EmployeeController:80 - No user specified. Returning all users...
2021-04-30 11:31:53 TRACE EmployeeCql:50 - Retrieving all employees from database...
2021-04-30 11:31:54 TRACE EmployeeCql:67 - Returning employees as list.
2021-04-30 11:32:54 TRACE EmployeeController:92 - Retrieving user by UUID: 9057bc20-a9d1-11eb-9dcf-65ea4779dee3
2021-04-30 11:32:54 TRACE EmployeeCql:73 - Retrieving employee by ID: 9057bc20-a9d1-11eb-9dcf-65ea4779dee3
2021-04-30 11:32:54 TRACE EmployeeController:100 - User found!
2021-04-30 11:33:17 TRACE EmployeeController:114 - Removing user by UUID: 9057bc20-a9d1-11eb-9dcf-65ea4779dee3
2021-04-30 11:33:17 TRACE EmployeeCql:102 - Removing employee by ID: 9057bc20-a9d1-11eb-9dcf-65ea4779dee3
2021-04-30 11:33:17 TRACE EmployeeCql:108 - Employee: 9057bc20-a9d1-11eb-9dcf-65ea4779dee3 successfully deleted.
2021-04-30 11:33:17 TRACE EmployeeController:135 - Removing user by UUID: 9057bc20-a9d1-11eb-9dcf-65ea4779dee3
2021-04-30 11:33:23 TRACE EmployeeController:80 - No user specified. Returning all users...
2021-04-30 11:33:23 TRACE EmployeeCql:50 - Retrieving all employees from database...
2021-04-30 11:33:23 TRACE EmployeeCql:67 - Returning employees as list.
2021-04-30 11:33:58 TRACE FormController:33 - Adding new form for Richard Orr
2021-04-30 11:33:58 TRACE FormCql:32 - Inserting new form into database...
2021-04-30 11:33:59 TRACE FormCql:52 - Form added successfully!
2021-04-30 11:33:59 TRACE FormController:48 - Form addition successful!
2021-04-30 11:34:39 TRACE FormController:33 - Adding new form for Richard Orr
2021-04-30 11:34:39 TRACE FormCql:32 - Inserting new form into database...
2021-04-30 11:34:39 TRACE FormCql:52 - Form added successfully!
2021-04-30 11:34:39 TRACE FormController:48 - Form addition successful!
2021-04-30 11:35:13 TRACE S3Util:34 - Uploading file as proof
2021-04-30 11:35:14 TRACE S3Util:36 - Upload Complete
2021-04-30 11:35:30 TRACE S3Util:40 - Retrieving Data from S3: proof
2021-04-30 11:35:45 TRACE S3Util:40 - Retrieving Data from S3: proof
2021-04-30 11:36:47 TRACE FormController:54 - No form specified. Returning all forms...
2021-04-30 11:36:47 TRACE FormCql:57 - Retrieving all forms...
2021-04-30 11:36:47 TRACE FormCql:79 - Returning forms as list.
2021-04-30 11:39:58 TRACE S3Util:40 - Retrieving Data from S3: proof
2021-04-30 11:40:34 TRACE S3Util:34 - Uploading file as proof
2021-04-30 11:40:35 TRACE S3Util:36 - Upload Complete
